[debug] [2019-11-01T19:35:00.888Z] ----------------------------------------------------------------------
[debug] [2019-11-01T19:35:00.891Z] Command:       /usr/local/bin/node /usr/local/bin/firebase init
[debug] [2019-11-01T19:35:00.891Z] CLI Version:   7.6.2
[debug] [2019-11-01T19:35:00.891Z] Platform:      darwin
[debug] [2019-11-01T19:35:00.891Z] Node Version:  v10.16.3
[debug] [2019-11-01T19:35:00.892Z] Time:          Fri Nov 01 2019 15:35:00 GMT-0400 (GMT-04:00)
[debug] [2019-11-01T19:35:00.892Z] ----------------------------------------------------------------------
[debug] [2019-11-01T19:35:00.892Z] 
[debug] [2019-11-01T19:35:00.902Z] > command requires scopes: ["email","openid","https://www.googleapis.com/auth/cloudplatformprojects.readonly","https://www.googleapis.com/auth/firebase","https://www.googleapis.com/auth/cloud-platform"]
[debug] [2019-11-01T19:35:00.902Z] > authorizing via signed-in user
[info] 
     ######## #### ########  ######## ########     ###     ######  ########
     ##        ##  ##     ## ##       ##     ##  ##   ##  ##       ##
     ######    ##  ########  ######   ########  #########  ######  ######
     ##        ##  ##    ##  ##       ##     ## ##     ##       ## ##
     ##       #### ##     ## ######## ########  ##     ##  ######  ########

You're about to initialize a Firebase project in this directory:

  /Users/macbookpro/Desktop/Sistemas/Microproyecto

[info] 
=== Project Setup
[info] 
[info] First, let's associate this project directory with a Firebase project.
[info] You can create multiple project aliases by running firebase use --add, 
[info] but for now we'll just set up a default project.
[info] 
[debug] [2019-11-01T19:36:09.339Z] > refreshing access token with scopes: ["email","https://www.googleapis.com/auth/cloud-platform","https://www.googleapis.com/auth/cloudplatformprojects.readonly","https://www.googleapis.com/auth/firebase","openid"]
[debug] [2019-11-01T19:36:09.340Z] >>> HTTP REQUEST POST https://www.googleapis.com/oauth2/v3/token  
 <request body omitted>
[debug] [2019-11-01T19:36:21.136Z] <<< HTTP RESPONSE 200
[debug] [2019-11-01T19:36:21.145Z] >>> HTTP REQUEST GET https://firebase.googleapis.com/v1beta1/projects?pageSize=100  
 
[debug] [2019-11-01T19:36:28.151Z] <<< HTTP RESPONSE 200
[info] i  Using project microproyecto-7cfd8 (microproyecto)
[info] 
=== Database Setup
[info] 
[info] Firebase Realtime Database Rules allow you to define how your data should be
[info] structured and when your data can be read from and written to.
[info] 
[debug] [2019-11-01T19:37:38.025Z] >>> HTTP REQUEST GET https://microproyecto-7cfd8.firebaseio.com/.settings/rules.json  
 
[debug] [2019-11-01T19:37:39.268Z] <<< HTTP RESPONSE 200
[info] ✔  Database Rules for microproyecto-7cfd8 have been downloaded to database.rules.json.
[info] Future modifications to database.rules.json will update Database Rules when you run
[info] firebase deploy.
[info] 
=== Hosting Setup
[info] 
[info] Your public directory is the folder (relative to your project directory) that
[info] will contain Hosting assets to be uploaded with firebase deploy. If you
[info] have a build process for your assets, use your build's output directory.
[info] 
